<?xml version="1.0" encoding="UTF-8"?>
<testsuite xmlns:xsi="http://www.w3.org/2001/XMLSchema-instance" xsi:noNamespaceSchemaLocation="https://maven.apache.org/surefire/maven-surefire-plugin/xsd/surefire-test-report.xsd" version="3.0.2" name="AccountTest" time="0.949" tests="16" errors="0" skipped="0" failures="0">
  <properties>
[...]
</properties>
  <testcase name="nameValidityTest[Имя и фамилия: ]" classname="AccountTest" time="0.617">
    <system-err><![CDATA[SLF4J(W): No SLF4J providers were found.
SLF4J(W): Defaulting to no-operation (NOP) logger implementation
SLF4J(W): See https://www.slf4j.org/codes.html#noProviders for further details.
]]></system-err>
  </testcase>
  <testcase name="nameValidityTest[Имя и фамилия: Т]" classname="AccountTest" time="0.002"/>
  <testcase name="nameValidityTest[Имя и фамилия: Ти]" classname="AccountTest" time="0.003"/>
  <testcase name="nameValidityTest[Имя и фамилия: Т м]" classname="AccountTest" time="0.003"/>
  <testcase name="nameValidityTest[Имя и фамилия: Ти о]" classname="AccountTest" time="0.002"/>
  <testcase name="nameValidityTest[Имя и фамилия: Тимоти Шаламе]" classname="AccountTest" time="0.003"/>
  <testcase name="nameValidityTest[Имя и фамилия: Тимоти Шаламеййййй]" classname="AccountTest" time="0.003"/>
  <testcase name="nameValidityTest[Имя и фамилия: Тимоти Шаламейййййй]" classname="AccountTest" time="0.002"/>
  <testcase name="nameValidityTest[Имя и фамилия: Тимоти Шаламеййййййй]" classname="AccountTest" time="0.002"/>
  <testcase name="nameValidityTest[Имя и фамилия: Тимоти Шаламейййййййй]" classname="AccountTest" time="0.002"/>
  <testcase name="nameValidityTest[Имя и фамилия: Тимоти Шаламеййййййййййййййййййййййййййййййййййййййййййййййййййййййййййййййййййййййййййййййййййййййй]" classname="AccountTest" time="0.002"/>
  <testcase name="nameValidityTest[Имя и фамилия:  Тимоти Шаламе]" classname="AccountTest" time="0.002"/>
  <testcase name="nameValidityTest[Имя и фамилия: Тимоти Шаламе ]" classname="AccountTest" time="0.002"/>
  <testcase name="nameValidityTest[Имя и фамилия: ТимотиШаламе]" classname="AccountTest" time="0.003"/>
  <testcase name="nameValidityTest[Имя и фамилия: Тимоти Шаламе Мих]" classname="AccountTest" time="0.002"/>
  <testcase name="nameValidityTest[Имя и фамилия: Тимоти   Шаламе]" classname="AccountTest" time="0.005"/>
</testsuite>